2025-02-06 00:10:30 INFO  class:36 - Creating user with username: cedrick.nikolaus
2025-02-06 00:10:34 INFO  class:43 - User created successfully with username: cedrick.nikolaus
2025-02-06 00:10:34 INFO  class:49 - Getting user with username: cedrick.nikolaus
2025-02-06 00:10:35 INFO  class:54 - User retrieved successfully with username: cedrick.nikolaus
2025-02-06 00:10:35 INFO  class:59 - Updating user with username: cedrick.nikolaus
2025-02-06 00:10:37 INFO  class:67 - User updated successfully with username: cedrick.nikolaus
2025-02-06 00:10:37 INFO  class:73 - Deleting user with username: cedrick.nikolaus
2025-02-06 00:10:38 INFO  class:76 - User deleted successfully with username: cedrick.nikolaus
2025-02-06 00:10:39 INFO  DDTests:18 - Creating user with username: testuser1
2025-02-06 00:10:41 INFO  DDTests:31 - User created successfully with username: testuser1
2025-02-06 00:10:41 INFO  DDTests:18 - Creating user with username: testuser2
2025-02-06 00:10:42 INFO  DDTests:31 - User created successfully with username: testuser2
2025-02-06 00:10:42 INFO  DDTests:18 - Creating user with username: testuser3
2025-02-06 00:10:44 INFO  DDTests:31 - User created successfully with username: testuser3
2025-02-06 00:10:44 INFO  DDTests:36 - Deleting user with username: testuser1
2025-02-06 00:10:46 INFO  DDTests:40 - User deleted successfully with username: testuser1
2025-02-06 00:10:46 INFO  DDTests:36 - Deleting user with username: testuser2
2025-02-06 00:10:47 INFO  DDTests:40 - User deleted successfully with username: testuser2
2025-02-06 00:10:47 INFO  DDTests:36 - Deleting user with username: testuser3
2025-02-06 00:10:48 INFO  DDTests:40 - User deleted successfully with username: testuser3
2025-02-06 00:12:24 INFO  class:36 - Creating user with username: carroll.oconnell
2025-02-06 00:12:28 INFO  class:43 - User created successfully with username: carroll.oconnell
2025-02-06 00:12:28 INFO  class:49 - Getting user with username: carroll.oconnell
2025-02-06 00:12:30 INFO  class:54 - User retrieved successfully with username: carroll.oconnell
2025-02-06 00:12:30 INFO  class:59 - Updating user with username: carroll.oconnell
2025-02-06 00:12:31 INFO  class:67 - User updated successfully with username: carroll.oconnell
2025-02-06 00:12:31 INFO  class:73 - Deleting user with username: carroll.oconnell
2025-02-06 00:12:33 INFO  class:76 - User deleted successfully with username: carroll.oconnell
2025-02-06 00:12:34 INFO  DDTests:18 - Creating user with username: testuser1
2025-02-06 00:12:35 INFO  DDTests:31 - User created successfully with username: testuser1
2025-02-06 00:12:35 INFO  DDTests:18 - Creating user with username: testuser2
2025-02-06 00:12:37 INFO  DDTests:31 - User created successfully with username: testuser2
2025-02-06 00:12:37 INFO  DDTests:18 - Creating user with username: testuser3
2025-02-06 00:12:38 INFO  DDTests:31 - User created successfully with username: testuser3
2025-02-06 00:12:38 INFO  DDTests:36 - Deleting user with username: testuser1
2025-02-06 00:12:40 INFO  DDTests:40 - User deleted successfully with username: testuser1
2025-02-06 00:12:40 INFO  DDTests:36 - Deleting user with username: testuser2
2025-02-06 00:12:41 INFO  DDTests:40 - User deleted successfully with username: testuser2
2025-02-06 00:12:41 INFO  DDTests:36 - Deleting user with username: testuser3
2025-02-06 00:12:43 INFO  DDTests:40 - User deleted successfully with username: testuser3
2025-02-06 00:14:39 INFO  class:36 - Creating user with username: korey.kreiger
2025-02-06 00:14:43 INFO  class:43 - User created successfully with username: korey.kreiger
2025-02-06 00:14:43 INFO  class:49 - Getting user with username: korey.kreiger
2025-02-06 00:14:44 INFO  class:54 - User retrieved successfully with username: korey.kreiger
2025-02-06 00:14:44 INFO  class:59 - Updating user with username: korey.kreiger
2025-02-06 00:14:46 INFO  class:67 - User updated successfully with username: korey.kreiger
2025-02-06 00:14:46 INFO  class:73 - Deleting user with username: korey.kreiger
2025-02-06 00:14:47 INFO  class:76 - User deleted successfully with username: korey.kreiger
2025-02-06 00:14:49 INFO  DDTests:18 - Creating user with username: testuser1
2025-02-06 00:14:50 INFO  DDTests:31 - User created successfully with username: testuser1
2025-02-06 00:14:50 INFO  DDTests:18 - Creating user with username: testuser2
2025-02-06 00:14:52 INFO  DDTests:31 - User created successfully with username: testuser2
2025-02-06 00:14:52 INFO  DDTests:18 - Creating user with username: testuser3
2025-02-06 00:14:53 INFO  DDTests:31 - User created successfully with username: testuser3
2025-02-06 00:14:53 INFO  DDTests:36 - Deleting user with username: testuser1
2025-02-06 00:14:55 INFO  DDTests:40 - User deleted successfully with username: testuser1
2025-02-06 00:14:55 INFO  DDTests:36 - Deleting user with username: testuser2
2025-02-06 00:14:56 INFO  DDTests:40 - User deleted successfully with username: testuser2
2025-02-06 00:14:56 INFO  DDTests:36 - Deleting user with username: testuser3
2025-02-06 00:14:58 INFO  DDTests:40 - User deleted successfully with username: testuser3
2025-02-06 00:51:18 INFO  class:36 - Creating user with username: lauren.kutch
2025-02-06 00:51:22 INFO  class:43 - User created successfully with username: lauren.kutch
2025-02-06 00:51:22 INFO  class:49 - Getting user with username: lauren.kutch
2025-02-06 00:51:24 INFO  class:54 - User retrieved successfully with username: lauren.kutch
2025-02-06 00:51:24 INFO  class:59 - Updating user with username: lauren.kutch
2025-02-06 00:51:26 INFO  class:67 - User updated successfully with username: lauren.kutch
2025-02-06 00:51:26 INFO  class:73 - Deleting user with username: lauren.kutch
2025-02-06 00:51:27 INFO  class:76 - User deleted successfully with username: lauren.kutch
2025-02-06 00:51:28 INFO  DDTests:18 - Creating user with username: testuser1
2025-02-06 00:51:30 INFO  DDTests:31 - User created successfully with username: testuser1
2025-02-06 00:51:30 INFO  DDTests:18 - Creating user with username: testuser2
2025-02-06 00:51:31 INFO  DDTests:31 - User created successfully with username: testuser2
2025-02-06 00:51:31 INFO  DDTests:18 - Creating user with username: testuser3
2025-02-06 00:51:33 INFO  DDTests:31 - User created successfully with username: testuser3
2025-02-06 00:51:33 INFO  DDTests:36 - Deleting user with username: testuser1
2025-02-06 00:51:34 INFO  DDTests:40 - User deleted successfully with username: testuser1
2025-02-06 00:51:34 INFO  DDTests:36 - Deleting user with username: testuser2
2025-02-06 00:51:36 INFO  DDTests:40 - User deleted successfully with username: testuser2
2025-02-06 00:51:36 INFO  DDTests:36 - Deleting user with username: testuser3
2025-02-06 00:51:37 INFO  DDTests:40 - User deleted successfully with username: testuser3
2025-02-06 00:52:13 INFO  class:36 - Creating user with username: francisco.wiza
2025-02-06 00:52:17 INFO  class:43 - User created successfully with username: francisco.wiza
2025-02-06 00:52:17 INFO  class:49 - Getting user with username: francisco.wiza
2025-02-06 00:52:19 INFO  class:54 - User retrieved successfully with username: francisco.wiza
2025-02-06 00:52:19 INFO  class:59 - Updating user with username: francisco.wiza
2025-02-06 00:52:20 INFO  class:67 - User updated successfully with username: francisco.wiza
2025-02-06 00:52:20 INFO  class:73 - Deleting user with username: francisco.wiza
2025-02-06 00:52:22 INFO  class:76 - User deleted successfully with username: francisco.wiza
2025-02-06 00:52:23 INFO  DDTests:18 - Creating user with username: testuser1
2025-02-06 00:52:24 INFO  DDTests:31 - User created successfully with username: testuser1
2025-02-06 00:52:24 INFO  DDTests:18 - Creating user with username: testuser2
2025-02-06 00:52:26 INFO  DDTests:31 - User created successfully with username: testuser2
2025-02-06 00:52:26 INFO  DDTests:18 - Creating user with username: testuser3
2025-02-06 00:52:27 INFO  DDTests:31 - User created successfully with username: testuser3
2025-02-06 00:52:27 INFO  DDTests:36 - Deleting user with username: testuser1
2025-02-06 00:52:29 INFO  DDTests:40 - User deleted successfully with username: testuser1
2025-02-06 00:52:29 INFO  DDTests:36 - Deleting user with username: testuser2
2025-02-06 00:52:30 INFO  DDTests:40 - User deleted successfully with username: testuser2
2025-02-06 00:52:30 INFO  DDTests:36 - Deleting user with username: testuser3
2025-02-06 00:52:32 INFO  DDTests:40 - User deleted successfully with username: testuser3
